# JRE version: OpenJDK Runtime Environment Corretto-22.0.2.9.1 (22.0.2+9) (build 22.0.2+9-FR)
# Java VM: OpenJDK 64-Bit Server VM Corretto-22.0.2.9.1 (22.0.2+9-FR, mixed mode, sharing, tiered, compressed oops, compressed class ptrs, g1 gc, windows-amd64)
GC Precious Log:
 CardTable entry size: 512
 Card Set container configuration: InlinePtr #cards 5 size 8 Array Of Cards #cards 12 size 40 Howl #buckets 4 coarsen threshold 1843 Howl Bitmap #cards 512 size 80 coarsen threshold 460 Card regions per heap region 1 cards per card region 2048
 CPUs: 4 total, 4 available
 Memory: 7934M
 Large Page Support: Disabled
 NUMA Support: Disabled
 Compressed Oops: Enabled (32-bit)
 Heap Region Size: 1M
 Heap Min Capacity: 8M
 Heap Initial Capacity: 124M
 Heap Max Capacity: 1984M
 Pre-touch: Disabled
 Parallel Workers: 4
 Concurrent Workers: 1
 Concurrent Refinement Workers: 4
 Periodic GC: Disabled
Heap:
 garbage-first heap   total reserved 2031616K, committed 45056K, used 31886K [0x0000000084000000, 0x0000000100000000)
  region size 1024K, 10 young (10240K), 2 survivors (2048K)
 Metaspace       used 53242K, committed 54016K, reserved 1114112K
  class space    used 6909K, committed 7232K, reserved 1048576K
GC Heap History (20 events):
Event: 10.245 GC heap before
{Heap before GC invocations=6 (full 0):
 garbage-first heap   total reserved 2031616K, committed 45056K, used 34527K [0x0000000084000000, 0x0000000100000000)
  region size 1024K, 22 young (22528K), 2 survivors (2048K)
 Metaspace       used 30937K, committed 31488K, reserved 1114112K
  class space    used 4046K, committed 4288K, reserved 1048576K
}
Event: 10.250 GC heap after
{Heap after GC invocations=7 (full 0):
 garbage-first heap   total reserved 2031616K, committed 45056K, used 17459K [0x0000000084000000, 0x0000000100000000)
  region size 1024K, 3 young (3072K), 3 survivors (3072K)
 Metaspace       used 30937K, committed 31488K, reserved 1114112K
  class space    used 4046K, committed 4288K, reserved 1048576K
}
Event: 11.490 GC heap before
{Heap before GC invocations=7 (full 0):
 garbage-first heap   total reserved 2031616K, committed 45056K, used 35891K [0x0000000084000000, 0x0000000100000000)
  region size 1024K, 21 young (21504K), 3 survivors (3072K)
 Metaspace       used 35135K, committed 35648K, reserved 1114112K
  class space    used 4525K, committed 4736K, reserved 1048576K
}
Event: 11.495 GC heap after
{Heap after GC invocations=8 (full 0):
 garbage-first heap   total reserved 2031616K, committed 45056K, used 19916K [0x0000000084000000, 0x0000000100000000)
  region size 1024K, 3 young (3072K), 3 survivors (3072K)
 Metaspace       used 35135K, committed 35648K, reserved 1114112K
  class space    used 4525K, committed 4736K, reserved 1048576K
}
Event: 11.673 GC heap before
{Heap before GC invocations=8 (full 0):
 garbage-first heap   total reserved 2031616K, committed 45056K, used 21964K [0x0000000084000000, 0x0000000100000000)
  region size 1024K, 6 young (6144K), 3 survivors (3072K)
 Metaspace       used 35415K, committed 35968K, reserved 1114112K
  class space    used 4571K, committed 4800K, reserved 1048576K
}
Event: 11.677 GC heap after
{Heap after GC invocations=9 (full 0):
 garbage-first heap   total reserved 2031616K, committed 45056K, used 20291K [0x0000000084000000, 0x0000000100000000)
  region size 1024K, 1 young (1024K), 1 survivors (1024K)
 Metaspace       used 35415K, committed 35968K, reserved 1114112K
  class space    used 4571K, committed 4800K, reserved 1048576K
}
Event: 12.939 GC heap before
{Heap before GC invocations=10 (full 0):
 garbage-first heap   total reserved 2031616K, committed 45056K, used 36675K [0x0000000084000000, 0x0000000100000000)
  region size 1024K, 17 young (17408K), 1 survivors (1024K)
 Metaspace       used 38514K, committed 39168K, reserved 1114112K
  class space    used 4931K, committed 5248K, reserved 1048576K
}
Event: 12.942 GC heap after
{Heap after GC invocations=11 (full 0):
 garbage-first heap   total reserved 2031616K, committed 45056K, used 21950K [0x0000000084000000, 0x0000000100000000)
  region size 1024K, 3 young (3072K), 3 survivors (3072K)
 Metaspace       used 38514K, committed 39168K, reserved 1114112K
  class space    used 4931K, committed 5248K, reserved 1048576K
}
Event: 14.302 GC heap before
{Heap before GC invocations=11 (full 0):
 garbage-first heap   total reserved 2031616K, committed 45056K, used 36286K [0x0000000084000000, 0x0000000100000000)
  region size 1024K, 18 young (18432K), 3 survivors (3072K)
 Metaspace       used 44234K, committed 44928K, reserved 1114112K
  class space    used 5643K, committed 5952K, reserved 1048576K
}
Event: 14.309 GC heap after
{Heap after GC invocations=12 (full 0):
 garbage-first heap   total reserved 2031616K, committed 45056K, used 22490K [0x0000000084000000, 0x0000000100000000)
  region size 1024K, 2 young (2048K), 2 survivors (2048K)
 Metaspace       used 44234K, committed 44928K, reserved 1114112K
  class space    used 5643K, committed 5952K, reserved 1048576K
}
Event: 15.719 GC heap before
{Heap before GC invocations=12 (full 0):
 garbage-first heap   total reserved 2031616K, committed 45056K, used 36826K [0x0000000084000000, 0x0000000100000000)
  region size 1024K, 17 young (17408K), 2 survivors (2048K)
 Metaspace       used 45809K, committed 46464K, reserved 1114112K
  class space    used 5852K, committed 6144K, reserved 1048576K
}
Event: 15.724 GC heap after
{Heap after GC invocations=13 (full 0):
 garbage-first heap   total reserved 2031616K, committed 45056K, used 24253K [0x0000000084000000, 0x0000000100000000)
  region size 1024K, 3 young (3072K), 3 survivors (3072K)
 Metaspace       used 45809K, committed 46464K, reserved 1114112K
  class space    used 5852K, committed 6144K, reserved 1048576K
}
Event: 57.633 GC heap before
{Heap before GC invocations=14 (full 0):
 garbage-first heap   total reserved 2031616K, committed 45056K, used 37565K [0x0000000084000000, 0x0000000100000000)
  region size 1024K, 17 young (17408K), 3 survivors (3072K)
 Metaspace       used 49316K, committed 49920K, reserved 1114112K
  class space    used 6382K, committed 6656K, reserved 1048576K
}
Event: 57.637 GC heap after
{Heap after GC invocations=15 (full 0):
 garbage-first heap   total reserved 2031616K, committed 45056K, used 25102K [0x0000000084000000, 0x0000000100000000)
  region size 1024K, 1 young (1024K), 1 survivors (1024K)
 Metaspace       used 49316K, committed 49920K, reserved 1114112K
  class space    used 6382K, committed 6656K, reserved 1048576K
}
Event: 129.177 GC heap before
{Heap before GC invocations=15 (full 0):
 garbage-first heap   total reserved 2031616K, committed 45056K, used 38414K [0x0000000084000000, 0x0000000100000000)
  region size 1024K, 15 young (15360K), 1 survivors (1024K)
 Metaspace       used 52196K, committed 52864K, reserved 1114112K
  class space    used 6850K, committed 7168K, reserved 1048576K
}
Event: 129.182 GC heap after
{Heap after GC invocations=16 (full 0):
 garbage-first heap   total reserved 2031616K, committed 45056K, used 25895K [0x0000000084000000, 0x0000000100000000)
  region size 1024K, 2 young (2048K), 2 survivors (2048K)
 Metaspace       used 52196K, committed 52864K, reserved 1114112K
  class space    used 6850K, committed 7168K, reserved 1048576K
}
Event: 232.573 GC heap before
{Heap before GC invocations=16 (full 0):
 garbage-first heap   total reserved 2031616K, committed 45056K, used 33063K [0x0000000084000000, 0x0000000100000000)
  region size 1024K, 10 young (10240K), 2 survivors (2048K)
 Metaspace       used 52385K, committed 53120K, reserved 1114112K
  class space    used 6875K, committed 7232K, reserved 1048576K
}
Event: 232.631 GC heap after
{Heap after GC invocations=17 (full 1):
 garbage-first heap   total reserved 2031616K, committed 45056K, used 21214K [0x0000000084000000, 0x0000000100000000)
  region size 1024K, 0 young (0K), 0 survivors (0K)
 Metaspace       used 52385K, committed 53120K, reserved 1114112K
  class space    used 6875K, committed 7232K, reserved 1048576K
}
Event: 233.761 GC heap before
{Heap before GC invocations=17 (full 1):
 garbage-first heap   total reserved 2031616K, committed 45056K, used 38622K [0x0000000084000000, 0x0000000100000000)
  region size 1024K, 17 young (17408K), 0 survivors (0K)
 Metaspace       used 52604K, committed 53376K, reserved 1114112K
  class space    used 6891K, committed 7232K, reserved 1048576K
}
Event: 233.765 GC heap after
{Heap after GC invocations=18 (full 1):
 garbage-first heap   total reserved 2031616K, committed 45056K, used 23179K [0x0000000084000000, 0x0000000100000000)
  region size 1024K, 2 young (2048K), 2 survivors (2048K)
 Metaspace       used 52604K, committed 53376K, reserved 1114112K
  class space    used 6891K, committed 7232K, reserved 1048576K
}

